QRCodeScannerUnity/Library/Bee/Android/Prj/Mono2x/Gradle/launcher/build/intermediates/manifest_merge_blame_file/release/manifest-merger-blame-release-report.txt
1<?xml version="1.0" encoding="utf-8"?>
2<manifest xmlns:android="http://schemas.android.com/apk/res/android"
3    package="com.DefaultCompany.Myproject"
4    android:installLocation="preferExternal"
5    android:versionCode="1"
6    android:versionName="1.0" >
7
8    <uses-sdk
9        android:minSdkVersion="22"
9-->src\main\AndroidManifest.xml
10        android:targetSdkVersion="30" />
10-->src\main\AndroidManifest.xml
11
12    <supports-screens
12-->src\main\AndroidManifest.xml:3:3-163
13        android:anyDensity="true"
13-->src\main\AndroidManifest.xml:3:135-160
14        android:largeScreens="true"
14-->src\main\AndroidManifest.xml:3:78-105
15        android:normalScreens="true"
15-->src\main\AndroidManifest.xml:3:49-77
16        android:smallScreens="true"
16-->src\main\AndroidManifest.xml:3:21-48
17        android:xlargeScreens="true" />
17-->src\main\AndroidManifest.xml:3:106-134
18
19    <uses-feature android:glEsVersion="0x00030000" />
19-->[:unityLibrary] AndroidManifest.xml:12:5-54
19-->[:unityLibrary] AndroidManifest.xml:12:19-51
20    <uses-feature
20-->[:unityLibrary] AndroidManifest.xml:13:5-15:36
21        android:name="android.hardware.vulkan.version"
21-->[:unityLibrary] AndroidManifest.xml:14:9-55
22        android:required="false" />
22-->[:unityLibrary] AndroidManifest.xml:15:9-33
23
24    <uses-permission android:name="android.permission.INTERNET" />
24-->[:unityLibrary] AndroidManifest.xml:17:5-67
24-->[:unityLibrary] AndroidManifest.xml:17:22-64
25    <uses-permission android:name="android.permission.ACCESS_NETWORK_STATE" />
25-->[:unityLibrary] AndroidManifest.xml:18:5-79
25-->[:unityLibrary] AndroidManifest.xml:18:22-76
26    <uses-permission android:name="android.permission.ACCESS_FINE_LOCATION" />
26-->[:unityLibrary] AndroidManifest.xml:19:5-79
26-->[:unityLibrary] AndroidManifest.xml:19:22-76
27
28    <uses-feature
28-->[:unityLibrary] AndroidManifest.xml:21:5-23:36
29        android:name="android.hardware.location.gps"
29-->[:unityLibrary] AndroidManifest.xml:22:9-53
30        android:required="false" />
30-->[:unityLibrary] AndroidManifest.xml:23:9-33
31    <uses-feature
31-->[:unityLibrary] AndroidManifest.xml:24:5-26:36
32        android:name="android.hardware.location"
32-->[:unityLibrary] AndroidManifest.xml:25:9-49
33        android:required="false" />
33-->[:unityLibrary] AndroidManifest.xml:26:9-33
34
35    <uses-permission android:name="android.permission.CAMERA" />
35-->[:unityLibrary] AndroidManifest.xml:28:5-65
35-->[:unityLibrary] AndroidManifest.xml:28:22-62
36
37    <uses-feature
37-->[:unityLibrary] AndroidManifest.xml:30:5-32:36
38        android:name="android.hardware.camera"
38-->[:unityLibrary] AndroidManifest.xml:31:9-47
39        android:required="false" />
39-->[:unityLibrary] AndroidManifest.xml:32:9-33
40    <uses-feature
40-->[:unityLibrary] AndroidManifest.xml:33:5-35:36
41        android:name="android.hardware.camera.autofocus"
41-->[:unityLibrary] AndroidManifest.xml:34:9-57
42        android:required="false" />
42-->[:unityLibrary] AndroidManifest.xml:35:9-33
43    <uses-feature
43-->[:unityLibrary] AndroidManifest.xml:36:5-38:36
44        android:name="android.hardware.camera.front"
44-->[:unityLibrary] AndroidManifest.xml:37:9-53
45        android:required="false" />
45-->[:unityLibrary] AndroidManifest.xml:38:9-33
46    <uses-feature
46-->[:unityLibrary] AndroidManifest.xml:39:5-41:36
47        android:name="android.hardware.touchscreen"
47-->[:unityLibrary] AndroidManifest.xml:40:9-52
48        android:required="false" />
48-->[:unityLibrary] AndroidManifest.xml:41:9-33
49    <uses-feature
49-->[:unityLibrary] AndroidManifest.xml:42:5-44:36
50        android:name="android.hardware.touchscreen.multitouch"
50-->[:unityLibrary] AndroidManifest.xml:43:9-63
51        android:required="false" />
51-->[:unityLibrary] AndroidManifest.xml:44:9-33
52    <uses-feature
52-->[:unityLibrary] AndroidManifest.xml:45:5-47:36
53        android:name="android.hardware.touchscreen.multitouch.distinct"
53-->[:unityLibrary] AndroidManifest.xml:46:9-72
54        android:required="false" />
54-->[:unityLibrary] AndroidManifest.xml:47:9-33
55
56    <application
56-->src\main\AndroidManifest.xml:4:3-83
57        android:extractNativeLibs="true"
57-->[:unityLibrary] AndroidManifest.xml:49:18-50
58        android:icon="@mipmap/app_icon"
58-->src\main\AndroidManifest.xml:4:49-80
59        android:label="@string/app_name" >
59-->src\main\AndroidManifest.xml:4:16-48
60        <activity
60-->[:unityLibrary] AndroidManifest.xml:50:9-70:20
61            android:name="com.unity3d.player.UnityPlayerActivity"
61-->[:unityLibrary] AndroidManifest.xml:51:13-66
62            android:configChanges="mcc|mnc|locale|touchscreen|keyboard|keyboardHidden|navigation|orientation|screenLayout|uiMode|screenSize|smallestScreenSize|fontScale|layoutDirection|density"
62-->[:unityLibrary] AndroidManifest.xml:52:13-194
63            android:hardwareAccelerated="false"
63-->[:unityLibrary] AndroidManifest.xml:53:13-48
64            android:launchMode="singleTask"
64-->[:unityLibrary] AndroidManifest.xml:54:13-44
65            android:resizeableActivity="false"
65-->[:unityLibrary] AndroidManifest.xml:55:13-47
66            android:screenOrientation="fullUser"
66-->[:unityLibrary] AndroidManifest.xml:56:13-49
67            android:theme="@style/UnityThemeSelector" >
67-->[:unityLibrary] AndroidManifest.xml:57:13-54
68            <intent-filter>
68-->[:unityLibrary] AndroidManifest.xml:58:13-62:29
69                <action android:name="android.intent.action.MAIN" />
69-->[:unityLibrary] AndroidManifest.xml:59:17-69
69-->[:unityLibrary] AndroidManifest.xml:59:25-66
70
71                <category android:name="android.intent.category.LAUNCHER" />
71-->[:unityLibrary] AndroidManifest.xml:61:17-77
71-->[:unityLibrary] AndroidManifest.xml:61:27-74
72            </intent-filter>
73
74            <meta-data
74-->[:unityLibrary] AndroidManifest.xml:64:13-66:40
75                android:name="unityplayer.UnityActivity"
75-->[:unityLibrary] AndroidManifest.xml:65:17-57
76                android:value="true" />
76-->[:unityLibrary] AndroidManifest.xml:66:17-37
77            <meta-data
77-->[:unityLibrary] AndroidManifest.xml:67:13-69:40
78                android:name="android.notch_support"
78-->[:unityLibrary] AndroidManifest.xml:68:17-53
79                android:value="true" />
79-->[:unityLibrary] AndroidManifest.xml:69:17-37
80        </activity>
81
82        <meta-data
82-->[:unityLibrary] AndroidManifest.xml:72:9-74:33
83            android:name="unity.splash-mode"
83-->[:unityLibrary] AndroidManifest.xml:73:13-45
84            android:value="0" />
84-->[:unityLibrary] AndroidManifest.xml:74:13-30
85        <meta-data
85-->[:unityLibrary] AndroidManifest.xml:75:9-77:36
86            android:name="unity.splash-enable"
86-->[:unityLibrary] AndroidManifest.xml:76:13-47
87            android:value="True" />
87-->[:unityLibrary] AndroidManifest.xml:77:13-33
88        <meta-data
88-->[:unityLibrary] AndroidManifest.xml:78:9-80:36
89            android:name="unity.launch-fullscreen"
89-->[:unityLibrary] AndroidManifest.xml:79:13-51
90            android:value="True" />
90-->[:unityLibrary] AndroidManifest.xml:80:13-33
91        <meta-data
91-->[:unityLibrary] AndroidManifest.xml:81:9-83:37
92            android:name="unity.allow-resizable-window"
92-->[:unityLibrary] AndroidManifest.xml:82:13-56
93            android:value="False" />
93-->[:unityLibrary] AndroidManifest.xml:83:13-34
94        <meta-data
94-->[:unityLibrary] AndroidManifest.xml:84:9-86:50
95            android:name="notch.config"
95-->[:unityLibrary] AndroidManifest.xml:85:13-40
96            android:value="portrait|landscape" />
96-->[:unityLibrary] AndroidManifest.xml:86:13-47
97    </application>
98
99</manifest>